<?xml version="1.0" encoding="UTF-8"?>
<!-- Generated by org.testng.reporters.JUnitXMLReporter -->
<testsuite hostname="BLRL84115" ignored="0" name="Command line test" tests="3" failures="0" timestamp="02 Jul 2019 19:34:18 GMT" time="63.795" errors="0">
  <testcase name="testThatResultsAppearForAOneWayJourney" time="23.227" classname="com.automation.codinground.FlightBookingTest"/>
  <testcase name="shouldBeAbleToSearchForHotels" time="10.892" classname="com.automation.codinground.HotelBookingTest"/>
  <testcase name="shouldThrowAnErrorIfSignInDetailsAreMissing" time="5.797" classname="com.automation.codinground.SignInTest"/>
</testsuite> <!-- Command line test -->
